nohup: ignoring input
type: <class '__main__.SpeakTrainDownloader'>
last_id: 001C62E5-6FC1-417F-96DB-91D34D358AA1 at count: 10000
script duration: 0.22 min
last_id: 0037A7EF-9BF1-4EB3-AC42-02AF11BA8A74 at count: 20000
script duration: 0.44 min
last_id: 0053534D-E573-4F18-B488-D2FA652423BA at count: 30000
script duration: 0.66 min
last_id: 006ED711-AA46-427D-A306-0D9B02CD6EAB at count: 40000
script duration: 0.88 min
last_id: 008ADE91-135D-439C-A026-F170F6571F9E at count: 50000
script duration: 1.11 min
last_id: 00A69C9F-9C26-4224-88B9-7EF39E86CF51 at count: 60000
script duration: 1.38 min
last_id: 00C2A146-4D09-4C4B-804D-DF05EE0D7FCF at count: 70000
script duration: 1.66 min
last_id: 00DEC243-9FD3-41F9-87B3-4A91E358F033 at count: 80000
script duration: 1.98 min
last_id: 00FB0ABC-FE32-44F5-8CBF-DE8E0795CABF at count: 90000
script duration: 2.35 min
last_id: 00cThecFYHW6dmAdEVTDjt9GHKY2-1590476086 at count: 100000
script duration: 2.65 min
last_id: 01148972-4180-4447-B462-EFC8581C702E at count: 110000
script duration: 2.98 min
last_id: 013065DF-686F-45E9-9FDE-CE31FA49840D at count: 120000
script duration: 3.66 min
last_id: 014C72D6-FB37-4744-B083-E1852C7C14D5 at count: 130000
script duration: 4.37 min
last_id: 0168D099-E17B-4D89-8552-DF0EBA2BB3FB at count: 140000
script duration: 5.08 min
last_id: 018537A7-792B-47BA-B9CE-E36A12BB5278 at count: 150000
script duration: 5.78 min
last_id: 01A1A65A-2F63-40C6-BB4A-64A457A5EFBF at count: 160000
script duration: 6.45 min
last_id: 01BE31B7-B1F8-4D35-AA53-E75FBFD8C5A7 at count: 170000
script duration: 7.14 min
last_id: 01DA2EDA-636D-4B84-A12D-BE0A5EF31DF0 at count: 180000
script duration: 7.75 min
last_id: 01F6B217-26D5-4249-9E73-C8405D684CB4 at count: 190000
script duration: 8.39 min
last_id: 02024154-77A9-4B15-BF0B-303A35433845 at count: 200000
script duration: 8.95 min
last_id: 021E822C-85D0-41D2-A3F3-5B4512BB321F at count: 210000
script duration: 9.69 min
last_id: 0239F75C-2A65-4DD0-A9FC-51969B04BE2E at count: 220000
script duration: 10.35 min
last_id: 02568C40-2BDC-43CB-9079-B3DFC39349B3 at count: 230000
script duration: 11.0 min
last_id: 0272AD07-FE8F-4EF4-9170-31033017A11F at count: 240000
script duration: 11.58 min
last_id: 028EC50F-80E3-4FA6-8AFA-675DF4C9CC36 at count: 250000
script duration: 12.18 min
last_id: 02AB3EEB-ACB8-4A64-8B46-C344B922A3A0 at count: 260000
script duration: 12.86 min
last_id: 02C70FAF-5C08-4F53-AE5A-5E6F46B4C785 at count: 270000
script duration: 13.5 min
last_id: 02E16493-B041-4994-BB47-FDD2DD6D642D at count: 280000
script duration: 14.12 min
last_id: 02FD66C3-3762-4A10-921A-D419AF1BFCC6 at count: 290000
script duration: 14.81 min
last_id: 0310C221-183C-4537-8508-B321DE2043EB at count: 300000
script duration: 15.4 min
last_id: 032B86EE-25C2-47E1-8F59-15D5739EC70A at count: 310000
script duration: 16.08 min
last_id: 0347AF90-A7BB-43E1-9268-9628A34A0F89 at count: 320000
script duration: 16.78 min
last_id: 0363266C-037E-44B6-9CD6-380E32654BA8 at count: 330000
script duration: 17.44 min
last_id: 037FA58B-29A0-4AA8-B6FF-F7E19665A364 at count: 340000
script duration: 18.07 min
last_id: 039A2822-1ED3-4F96-9DC1-4CA80C935394 at count: 350000
script duration: 18.69 min
last_id: 03B6B086-4409-416C-9186-39337B02BC4E at count: 360000
script duration: 19.39 min
last_id: 03D2B5FC-E31E-4E82-85CB-F3044082EC15 at count: 370000
script duration: 20.05 min
last_id: 03EF5B48-3CD6-4E4D-9230-B2219E751366 at count: 380000
script duration: 20.74 min
last_id: 03jo1baQq1SWicKkvCxCCOkpkXs1-1575886840 at count: 390000
script duration: 21.26 min
last_id: 0414D938-EC54-49A1-8CC0-C5AD098A3F2D at count: 400000
script duration: 21.86 min
last_id: 0431A1AB-61A2-4F77-AA55-86A4A011AD68 at count: 410000
script duration: 22.55 min
last_id: 044DD88B-6EFC-4C22-866A-D41B09F4F9AB at count: 420000
script duration: 23.19 min
last_id: 046A89AB-AC8A-43F0-A2A8-802F3412F3E9 at count: 430000
script duration: 23.92 min
last_id: 0486B597-BBB8-4E18-94AA-C2D6DB30E357 at count: 440000
script duration: 24.61 min
last_id: 049ADF50-B7D5-47D3-8970-1494E9D46BF7 at count: 450000
script duration: 25.29 min
last_id: 04B6E3DA-3EA7-456A-9814-5E925FD2505A at count: 460000
script duration: 25.89 min
last_id: 04D2DD79-7223-4EE9-9151-342D2E527620 at count: 470000
script duration: 26.57 min
last_id: 04EF4AEE-7DFB-497B-95CC-22C79ACA160F at count: 480000
script duration: 27.2 min
last_id: 0503DE65-94D8-4808-BE48-E3DF473D8CCB at count: 490000
script duration: 27.73 min
last_id: 0520387F-AEFE-49F1-B11A-5BD5FE697E78 at count: 500000
script duration: 28.33 min
last_id: 053C943B-C9F9-4683-BE21-B362D7ED4B26 at count: 510000
script duration: 28.96 min
last_id: 05590244-D448-45BB-AE30-D14D1E399C54 at count: 520000
script duration: 29.57 min
last_id: 0574E8E5-9036-4787-97E6-94981C251CF3 at count: 530000
script duration: 30.14 min
last_id: 057g27XhjsSGakvgdZwhe7hM4Wk1-1564318187 at count: 540000
script duration: 30.5 min
last_id: 058A7F0C-D0BB-49E4-BC29-09ADD84874C7 at count: 550000
script duration: 30.92 min
last_id: 05A7360C-E980-48FE-B29D-DA51BF80FE6A at count: 560000
script duration: 31.53 min
last_id: 05C2D273-DD02-4E05-A77B-DC750758FAD5 at count: 570000
script duration: 32.13 min
last_id: 05DF4089-EB2D-4836-BF8B-38429230BFB8 at count: 580000
script duration: 32.74 min
last_id: 05FB88CF-3B9E-4BC8-8737-157AEA617E44 at count: 590000
script duration: 33.37 min
last_id: 060F5E9D-5EE8-4FB4-B469-F56158ECD75F at count: 600000
script duration: 33.95 min
last_id: 062BEF3B-4EE8-4238-BEBA-E8BDDA09AFA1 at count: 610000
script duration: 34.62 min
last_id: 0644ED44-3629-41BF-98E5-89A379832642 at count: 620000
script duration: 35.23 min
last_id: 065nWYmtnpSBHA1Xe7gnmMLPRfd2-1559265557 at count: 630000
script duration: 35.86 min
last_id: 0679B290-67B6-4F20-A22F-ABD249A5150E at count: 640000
script duration: 36.46 min
last_id: 0695939B-E0F1-4817-9F56-712BEC1838A2 at count: 650000
script duration: 37.11 min
last_id: 06B256D4-8D8E-4555-9DDD-446C14A946FB at count: 660000
script duration: 37.71 min
last_id: 06CEC76D-438A-4C37-8524-9BBB0C39E748 at count: 670000
script duration: 38.3 min
last_id: 06E8cQ6XynVsPIgmCYVBg9jN79O2-1586590367 at count: 680000
script duration: 38.85 min
last_id: 06ddId4rHsSNGhJCloRTcKsJH2k2-1574846074 at count: 690000
script duration: 39.36 min
last_id: 07170BCB-010A-4E99-ACD9-DBF6B01253E8 at count: 700000
script duration: 39.91 min
last_id: 0733C7F1-E7C8-45D8-BE82-CB04E3369159 at count: 710000
script duration: 40.5 min
last_id: 074NYqm0XsRO5zDooOgoqTwE0Dc2-1579154327 at count: 720000
script duration: 41.09 min
last_id: 075lLTd2NUYxJ2h6ZkSjQahXqAA2-1579238362 at count: 730000
script duration: 41.59 min
last_id: 07607799-453F-4D3D-A72E-AC501323261B at count: 740000
script duration: 42.11 min
last_id: 077D1A4A-1274-4590-B00E-9E02BFA021A5 at count: 750000
script duration: 42.79 min
last_id: 07994DC6-AD6B-4280-8EEE-D6F59C3AD42D at count: 760000
script duration: 43.47 min
last_id: 07B533B9-76C5-4062-AB68-2D1660CBC7D6 at count: 770000
script duration: 44.22 min
last_id: 07D15BF6-3284-4C07-9CE9-A699756FA7CE at count: 780000
script duration: 44.92 min
last_id: 07EDD542-228F-4CD0-A8B6-F58043A52637 at count: 790000
script duration: 45.6 min
last_id: 07ld19Y021bUHSjPMWNKFK1etLT2-1582952140 at count: 800000
script duration: 46.16 min
last_id: 0816755A-FCBF-4938-A7E0-375614F28EC8 at count: 810000
script duration: 46.73 min
last_id: 083286D2-ECE8-4D72-A90A-85A6BC85D7C0 at count: 820000
script duration: 47.36 min
last_id: 084F31DC-E3B9-4453-A71A-7127E8744559 at count: 830000
script duration: 48.09 min
last_id: 086BCEAC-7908-4673-BFF9-320F3C281E82 at count: 840000
script duration: 48.75 min
last_id: 08880BF3-BCA3-49BF-8451-9C1DFD557FC6 at count: 850000
script duration: 49.33 min
last_id: 089sqjJW3pMGb68V2jUrtQ1Sbtv2-1586967397 at count: 860000
script duration: 49.92 min
last_id: 08B361A5-07AC-4933-B492-CD69FC28D07E at count: 870000
script duration: 50.53 min
last_id: 08D00C81-18C7-4F37-8818-67D99E4EF3FB at count: 880000
script duration: 51.15 min
last_id: 08EC2561-87BD-4B61-842E-3C2BA8DF61B3 at count: 890000
script duration: 51.82 min
last_id: 08QAE13IqrQh5e7dgfz0PrhJ2Rz2-1576981862 at count: 900000
script duration: 52.36 min
last_id: 08igTHJlNGW7tUyFeYx2nCmVlWQ2-1590710927 at count: 910000
script duration: 52.62 min
last_id: 09189B42-B510-44BD-BA2A-5A133BBF5B41 at count: 920000
script duration: 53.24 min
last_id: 0934D636-CF46-451C-BE68-6ABDE5A2337D at count: 930000
script duration: 53.88 min
last_id: 0951095B-734E-47C7-AA95-3FAF254E0A57 at count: 940000
script duration: 54.58 min
last_id: 096D7C7A-FF53-47D8-9113-FA828D45BD95 at count: 950000
script duration: 55.35 min
last_id: 0989B8AF-249A-499A-BAFC-0A0FA5FECB82 at count: 960000
script duration: 56.25 min
Traceback (most recent call last):
  File "/home/dzubke/miniconda3/envs/pyt_16/lib/python3.6/site-packages/google/api_core/grpc_helpers.py", line 97, in next
    return six.next(self._wrapped)
  File "/home/dzubke/miniconda3/envs/pyt_16/lib/python3.6/site-packages/grpc/_channel.py", line 416, in __next__
    return self._next()
  File "/home/dzubke/miniconda3/envs/pyt_16/lib/python3.6/site-packages/grpc/_channel.py", line 689, in _next
    raise self
grpc._channel._MultiThreadedRendezvous: <_MultiThreadedRendezvous of RPC that terminated with:
	status = StatusCode.UNAVAILABLE
	details = "The datastore operation timed out, or the data was temporarily unavailable."
	debug_error_string = "{"created":"@1608678832.566775954","description":"Error received from peer ipv4:64.233.183.95:443","file":"src/core/lib/surface/call.cc","file_line":1061,"grpc_message":"The datastore operation timed out, or the data was temporarily unavailable.","grpc_status":14}"
>

The above exception was the direct cause of the following exception:

Traceback (most recent call last):
  File "download.py", line 950, in <module>
    downloader.download_dataset()
  File "download.py", line 287, in download_dataset
    docs = list(map(lambda x: self._doc_trim_to_dict(x), next_query.stream()))
  File "/home/dzubke/miniconda3/envs/pyt_16/lib/python3.6/site-packages/google/cloud/firestore_v1/query.py", line 213, in stream
    for response in response_iterator:
  File "/home/dzubke/miniconda3/envs/pyt_16/lib/python3.6/site-packages/google/api_core/grpc_helpers.py", line 100, in next
    six.raise_from(exceptions.from_grpc_error(exc), exc)
  File "<string>", line 3, in raise_from
google.api_core.exceptions.ServiceUnavailable: 503 The datastore operation timed out, or the data was temporarily unavailable.
